<?xml version="1.0" encoding="UTF-8"?>
<testng-results skipped="0" failed="0" ignored="0" total="1" passed="1">
  <reporter-output>
  </reporter-output>
  <suite name="Surefire suite" duration-ms="88" started-at="2020-08-23T21:56:10 IST" finished-at="2020-08-23T21:56:11 IST">
    <groups>
    </groups>
    <test name="Surefire test" duration-ms="88" started-at="2020-08-23T21:56:10 IST" finished-at="2020-08-23T21:56:11 IST">
      <class name="TestExample">
        <test-method status="PASS" signature="FirstTest()[pri:0, instance:TestExample@42d80b78]" name="FirstTest" duration-ms="7" started-at="2020-08-23T21:56:11 IST" finished-at="2020-08-23T21:56:11 IST">
          <reporter-output>
          </reporter-output>
        </test-method> <!-- FirstTest -->
      </class> <!-- TestExample -->
    </test> <!-- Surefire test -->
  </suite> <!-- Surefire suite -->
</testng-results>
