<?xml version="1.0" encoding="UTF-8"?>
<testng-results skipped="0" failed="0" ignored="0" total="2" passed="2">
  <reporter-output>
  </reporter-output>
  <suite name="Surefire suite" duration-ms="129" started-at="2020-08-23T16:59:46 UTC" finished-at="2020-08-23T16:59:46 UTC">
    <groups>
    </groups>
    <test name="Surefire test" duration-ms="129" started-at="2020-08-23T16:59:46 UTC" finished-at="2020-08-23T16:59:46 UTC">
      <class name="TestExample">
        <test-method status="PASS" signature="FirstTest()[pri:0, instance:TestExample@5e3a8624]" name="FirstTest" duration-ms="11" started-at="2020-08-23T16:59:46 UTC" finished-at="2020-08-23T16:59:46 UTC">
          <reporter-output>
          </reporter-output>
        </test-method> <!-- FirstTest -->
        <test-method status="PASS" signature="SecondTest()[pri:0, instance:TestExample@5e3a8624]" name="SecondTest" duration-ms="0" started-at="2020-08-23T16:59:46 UTC" finished-at="2020-08-23T16:59:46 UTC">
          <reporter-output>
          </reporter-output>
        </test-method> <!-- SecondTest -->
      </class> <!-- TestExample -->
    </test> <!-- Surefire test -->
  </suite> <!-- Surefire suite -->
</testng-results>
